2014/06/30 03:39:49 [error] [exception.CException] exception 'CException' with message 'Property "IndexController." is not defined.' in C:\Program Files (x86)\Ampps\www\yii\framework\base\CComponent.php:130
Stack trace:
#0 C:\Program Files (x86)\Ampps\www\myProfile\protected\controllers\IndexController.php(9): CComponent->__get('')
#1 C:\Program Files (x86)\Ampps\www\yii\framework\web\actions\CInlineAction.php(49): IndexController->actionIndex()
#2 C:\Program Files (x86)\Ampps\www\yii\framework\web\CController.php(308): CInlineAction->runWithParams(Array)
#3 C:\Program Files (x86)\Ampps\www\yii\framework\web\CController.php(286): CController->runAction(Object(CInlineAction))
#4 C:\Program Files (x86)\Ampps\www\yii\framework\web\CController.php(265): CController->runActionWithFilters(Object(CInlineAction), Array)
#5 C:\Program Files (x86)\Ampps\www\yii\framework\web\CWebApplication.php(282): CController->run('')
#6 C:\Program Files (x86)\Ampps\www\yii\framework\web\CWebApplication.php(141): CWebApplication->runController('')
#7 C:\Program Files (x86)\Ampps\www\yii\framework\base\CApplication.php(180): CWebApplication->processRequest()
#8 C:\Program Files (x86)\Ampps\www\myProfile\index.php(12): CApplication->run()
#9 {main}
REQUEST_URI=/myProfile/
HTTP_REFERER=http://127.0.0.1/
---
2014/06/30 04:17:00 [error] [php] Missing argument 1 for CWebApplication::setLayoutPath(), called in C:\Program Files (x86)\Ampps\www\myProfile\protected\controllers\IndexController.php on line 11 and defined (C:\Program Files (x86)\Ampps\www\yii\framework\web\CWebApplication.php:485)
Stack trace:
#0 C:\Program Files (x86)\Ampps\www\yii\framework\web\CController.php(308): CInlineAction->runWithParams()
#1 C:\Program Files (x86)\Ampps\www\yii\framework\web\CController.php(286): IndexController->runAction()
#2 C:\Program Files (x86)\Ampps\www\yii\framework\web\CController.php(265): IndexController->runActionWithFilters()
#3 C:\Program Files (x86)\Ampps\www\yii\framework\web\CWebApplication.php(282): IndexController->run()
#4 C:\Program Files (x86)\Ampps\www\yii\framework\web\CWebApplication.php(141): CWebApplication->runController()
#5 C:\Program Files (x86)\Ampps\www\yii\framework\base\CApplication.php(180): CWebApplication->processRequest()
#6 C:\Program Files (x86)\Ampps\www\myProfile\index.php(12): CWebApplication->run()
REQUEST_URI=/myProfile/
2014/06/30 04:56:38 [error] [exception.CHttpException.404] exception 'CHttpException' with message 'Unable to resolve the request "js/pages/index.js".' in C:\Program Files (x86)\Ampps\www\yii\framework\web\CWebApplication.php:286
Stack trace:
#0 C:\Program Files (x86)\Ampps\www\yii\framework\web\CWebApplication.php(141): CWebApplication->runController('js/pages/index....')
#1 C:\Program Files (x86)\Ampps\www\yii\framework\base\CApplication.php(180): CWebApplication->processRequest()
#2 C:\Program Files (x86)\Ampps\www\myProfile\index.php(12): CApplication->run()
#3 {main}
REQUEST_URI=/myProfile/js/pages/index.js
HTTP_REFERER=http://127.0.0.1/myProfile/
---
2014/06/30 04:58:01 [error] [exception.CHttpException.404] exception 'CHttpException' with message 'Unable to resolve the request "js/pages/index.js".' in C:\Program Files (x86)\Ampps\www\yii\framework\web\CWebApplication.php:286
Stack trace:
#0 C:\Program Files (x86)\Ampps\www\yii\framework\web\CWebApplication.php(141): CWebApplication->runController('js/pages/index....')
#1 C:\Program Files (x86)\Ampps\www\yii\framework\base\CApplication.php(180): CWebApplication->processRequest()
#2 C:\Program Files (x86)\Ampps\www\myProfile\index.php(12): CApplication->run()
#3 {main}
REQUEST_URI=/myProfile/js/pages/index.js
HTTP_REFERER=http://127.0.0.1/myProfile/
---
2014/06/30 05:01:30 [error] [exception.CHttpException.404] exception 'CHttpException' with message 'Unable to resolve the request "js/pages/index.js".' in C:\Program Files (x86)\Ampps\www\yii\framework\web\CWebApplication.php:286
Stack trace:
#0 C:\Program Files (x86)\Ampps\www\yii\framework\web\CWebApplication.php(141): CWebApplication->runController('js/pages/index....')
#1 C:\Program Files (x86)\Ampps\www\yii\framework\base\CApplication.php(180): CWebApplication->processRequest()
#2 C:\Program Files (x86)\Ampps\www\myProfile\index.php(12): CApplication->run()
#3 {main}
REQUEST_URI=/myProfile/js/pages/index.js
HTTP_REFERER=http://127.0.0.1/myProfile/
---
2014/06/30 05:04:00 [error] [exception.CHttpException.404] exception 'CHttpException' with message 'Unable to resolve the request "js/pages/index.js".' in C:\Program Files (x86)\Ampps\www\yii\framework\web\CWebApplication.php:286
Stack trace:
#0 C:\Program Files (x86)\Ampps\www\yii\framework\web\CWebApplication.php(141): CWebApplication->runController('js/pages/index....')
#1 C:\Program Files (x86)\Ampps\www\yii\framework\base\CApplication.php(180): CWebApplication->processRequest()
#2 C:\Program Files (x86)\Ampps\www\myProfile\index.php(12): CApplication->run()
#3 {main}
REQUEST_URI=/myProfile/js/pages/index.js
HTTP_REFERER=http://127.0.0.1/myProfile/
---
2014/06/30 05:04:22 [error] [exception.CHttpException.404] exception 'CHttpException' with message 'Unable to resolve the request "js/pages/index.js".' in C:\Program Files (x86)\Ampps\www\yii\framework\web\CWebApplication.php:286
Stack trace:
#0 C:\Program Files (x86)\Ampps\www\yii\framework\web\CWebApplication.php(141): CWebApplication->runController('js/pages/index....')
#1 C:\Program Files (x86)\Ampps\www\yii\framework\base\CApplication.php(180): CWebApplication->processRequest()
#2 C:\Program Files (x86)\Ampps\www\myProfile\index.php(12): CApplication->run()
#3 {main}
REQUEST_URI=/myProfile/js/pages/index.js
HTTP_REFERER=http://127.0.0.1/myProfile/
---
2014/06/30 05:27:55 [error] [exception.CHttpException.404] exception 'CHttpException' with message 'Unable to resolve the request "js/pages/index.js".' in C:\Program Files (x86)\Ampps\www\yii\framework\web\CWebApplication.php:286
Stack trace:
#0 C:\Program Files (x86)\Ampps\www\yii\framework\web\CWebApplication.php(141): CWebApplication->runController('js/pages/index....')
#1 C:\Program Files (x86)\Ampps\www\yii\framework\base\CApplication.php(180): CWebApplication->processRequest()
#2 C:\Program Files (x86)\Ampps\www\myProfile\index.php(12): CApplication->run()
#3 {main}
REQUEST_URI=/myProfile/js/pages/index.js
HTTP_REFERER=http://127.0.0.1/myProfile/
---
2014/06/30 06:40:35 [error] [exception.CHttpException.404] exception 'CHttpException' with message 'Unable to resolve the request "js/pages/index.js".' in C:\Program Files (x86)\Ampps\www\yii\framework\web\CWebApplication.php:286
Stack trace:
#0 C:\Program Files (x86)\Ampps\www\yii\framework\web\CWebApplication.php(141): CWebApplication->runController('js/pages/index....')
#1 C:\Program Files (x86)\Ampps\www\yii\framework\base\CApplication.php(180): CWebApplication->processRequest()
#2 C:\Program Files (x86)\Ampps\www\myProfile\index.php(12): CApplication->run()
#3 {main}
REQUEST_URI=/myProfile/js/pages/index.js
HTTP_REFERER=http://127.0.0.1/myProfile/
---
2014/06/30 06:40:56 [error] [exception.CHttpException.404] exception 'CHttpException' with message 'Unable to resolve the request "js/pages/index.js".' in C:\Program Files (x86)\Ampps\www\yii\framework\web\CWebApplication.php:286
Stack trace:
#0 C:\Program Files (x86)\Ampps\www\yii\framework\web\CWebApplication.php(141): CWebApplication->runController('js/pages/index....')
#1 C:\Program Files (x86)\Ampps\www\yii\framework\base\CApplication.php(180): CWebApplication->processRequest()
#2 C:\Program Files (x86)\Ampps\www\myProfile\index.php(12): CApplication->run()
#3 {main}
REQUEST_URI=/myProfile/js/pages/index.js
HTTP_REFERER=http://127.0.0.1/myProfile/
---
2014/06/30 06:41:17 [error] [exception.CHttpException.404] exception 'CHttpException' with message 'Unable to resolve the request "js/pages/index.js".' in C:\Program Files (x86)\Ampps\www\yii\framework\web\CWebApplication.php:286
Stack trace:
#0 C:\Program Files (x86)\Ampps\www\yii\framework\web\CWebApplication.php(141): CWebApplication->runController('js/pages/index....')
#1 C:\Program Files (x86)\Ampps\www\yii\framework\base\CApplication.php(180): CWebApplication->processRequest()
#2 C:\Program Files (x86)\Ampps\www\myProfile\index.php(12): CApplication->run()
#3 {main}
REQUEST_URI=/myProfile/js/pages/index.js
HTTP_REFERER=http://127.0.0.1/myProfile/
---
2014/06/30 06:41:18 [error] [exception.CHttpException.404] exception 'CHttpException' with message 'Unable to resolve the request "js/pages/index.js".' in C:\Program Files (x86)\Ampps\www\yii\framework\web\CWebApplication.php:286
Stack trace:
#0 C:\Program Files (x86)\Ampps\www\yii\framework\web\CWebApplication.php(141): CWebApplication->runController('js/pages/index....')
#1 C:\Program Files (x86)\Ampps\www\yii\framework\base\CApplication.php(180): CWebApplication->processRequest()
#2 C:\Program Files (x86)\Ampps\www\myProfile\index.php(12): CApplication->run()
#3 {main}
REQUEST_URI=/myProfile/js/pages/index.js
HTTP_REFERER=http://127.0.0.1/myProfile/
---
2014/06/30 06:41:18 [error] [exception.CHttpException.404] exception 'CHttpException' with message 'Unable to resolve the request "js/pages/index.js".' in C:\Program Files (x86)\Ampps\www\yii\framework\web\CWebApplication.php:286
Stack trace:
#0 C:\Program Files (x86)\Ampps\www\yii\framework\web\CWebApplication.php(141): CWebApplication->runController('js/pages/index....')
#1 C:\Program Files (x86)\Ampps\www\yii\framework\base\CApplication.php(180): CWebApplication->processRequest()
#2 C:\Program Files (x86)\Ampps\www\myProfile\index.php(12): CApplication->run()
#3 {main}
REQUEST_URI=/myProfile/js/pages/index.js
HTTP_REFERER=http://127.0.0.1/myProfile/
---
2014/06/30 06:41:18 [error] [exception.CHttpException.404] exception 'CHttpException' with message 'Unable to resolve the request "js/pages/index.js".' in C:\Program Files (x86)\Ampps\www\yii\framework\web\CWebApplication.php:286
Stack trace:
#0 C:\Program Files (x86)\Ampps\www\yii\framework\web\CWebApplication.php(141): CWebApplication->runController('js/pages/index....')
#1 C:\Program Files (x86)\Ampps\www\yii\framework\base\CApplication.php(180): CWebApplication->processRequest()
#2 C:\Program Files (x86)\Ampps\www\myProfile\index.php(12): CApplication->run()
#3 {main}
REQUEST_URI=/myProfile/js/pages/index.js
HTTP_REFERER=http://127.0.0.1/myProfile/
---
2014/06/30 06:42:14 [error] [exception.CHttpException.404] exception 'CHttpException' with message 'Unable to resolve the request "js/pages/index.js".' in C:\Program Files (x86)\Ampps\www\yii\framework\web\CWebApplication.php:286
Stack trace:
#0 C:\Program Files (x86)\Ampps\www\yii\framework\web\CWebApplication.php(141): CWebApplication->runController('js/pages/index....')
#1 C:\Program Files (x86)\Ampps\www\yii\framework\base\CApplication.php(180): CWebApplication->processRequest()
#2 C:\Program Files (x86)\Ampps\www\myProfile\index.php(12): CApplication->run()
#3 {main}
REQUEST_URI=/myProfile/js/pages/index.js
HTTP_REFERER=http://127.0.0.1/myProfile/
---
2014/06/30 06:42:59 [error] [exception.CHttpException.404] exception 'CHttpException' with message 'Unable to resolve the request "js/pages/index.js".' in C:\Program Files (x86)\Ampps\www\yii\framework\web\CWebApplication.php:286
Stack trace:
#0 C:\Program Files (x86)\Ampps\www\yii\framework\web\CWebApplication.php(141): CWebApplication->runController('js/pages/index....')
#1 C:\Program Files (x86)\Ampps\www\yii\framework\base\CApplication.php(180): CWebApplication->processRequest()
#2 C:\Program Files (x86)\Ampps\www\myProfile\index.php(12): CApplication->run()
#3 {main}
REQUEST_URI=/myProfile/js/pages/index.js
HTTP_REFERER=http://127.0.0.1/myProfile/
---
2014/06/30 06:42:59 [error] [exception.CHttpException.404] exception 'CHttpException' with message 'Unable to resolve the request "css/pages/images/pages/ido.png".' in C:\Program Files (x86)\Ampps\www\yii\framework\web\CWebApplication.php:286
Stack trace:
#0 C:\Program Files (x86)\Ampps\www\yii\framework\web\CWebApplication.php(141): CWebApplication->runController('css/pages/image...')
#1 C:\Program Files (x86)\Ampps\www\yii\framework\base\CApplication.php(180): CWebApplication->processRequest()
#2 C:\Program Files (x86)\Ampps\www\myProfile\index.php(12): CApplication->run()
#3 {main}
REQUEST_URI=/myProfile/css/pages/images/pages/ido.png
HTTP_REFERER=http://127.0.0.1/myProfile/
---
2014/06/30 06:43:08 [error] [exception.CHttpException.404] exception 'CHttpException' with message 'Unable to resolve the request "js/pages/index.js".' in C:\Program Files (x86)\Ampps\www\yii\framework\web\CWebApplication.php:286
Stack trace:
#0 C:\Program Files (x86)\Ampps\www\yii\framework\web\CWebApplication.php(141): CWebApplication->runController('js/pages/index....')
#1 C:\Program Files (x86)\Ampps\www\yii\framework\base\CApplication.php(180): CWebApplication->processRequest()
#2 C:\Program Files (x86)\Ampps\www\myProfile\index.php(12): CApplication->run()
#3 {main}
REQUEST_URI=/myProfile/js/pages/index.js
HTTP_REFERER=http://127.0.0.1/myProfile/
---
2014/06/30 06:43:08 [error] [exception.CHttpException.404] exception 'CHttpException' with message 'Unable to resolve the request "css/pages/images/pages/ido.png".' in C:\Program Files (x86)\Ampps\www\yii\framework\web\CWebApplication.php:286
Stack trace:
#0 C:\Program Files (x86)\Ampps\www\yii\framework\web\CWebApplication.php(141): CWebApplication->runController('css/pages/image...')
#1 C:\Program Files (x86)\Ampps\www\yii\framework\base\CApplication.php(180): CWebApplication->processRequest()
#2 C:\Program Files (x86)\Ampps\www\myProfile\index.php(12): CApplication->run()
#3 {main}
REQUEST_URI=/myProfile/css/pages/images/pages/ido.png
HTTP_REFERER=http://127.0.0.1/myProfile/
---
2014/06/30 06:43:13 [error] [exception.CHttpException.404] exception 'CHttpException' with message 'Unable to resolve the request "js/pages/index.js".' in C:\Program Files (x86)\Ampps\www\yii\framework\web\CWebApplication.php:286
Stack trace:
#0 C:\Program Files (x86)\Ampps\www\yii\framework\web\CWebApplication.php(141): CWebApplication->runController('js/pages/index....')
#1 C:\Program Files (x86)\Ampps\www\yii\framework\base\CApplication.php(180): CWebApplication->processRequest()
#2 C:\Program Files (x86)\Ampps\www\myProfile\index.php(12): CApplication->run()
#3 {main}
REQUEST_URI=/myProfile/js/pages/index.js
HTTP_REFERER=http://127.0.0.1/myProfile/
---
2014/06/30 06:43:13 [error] [exception.CHttpException.404] exception 'CHttpException' with message 'Unable to resolve the request "css/pages/images/pages/ido.png".' in C:\Program Files (x86)\Ampps\www\yii\framework\web\CWebApplication.php:286
Stack trace:
#0 C:\Program Files (x86)\Ampps\www\yii\framework\web\CWebApplication.php(141): CWebApplication->runController('css/pages/image...')
#1 C:\Program Files (x86)\Ampps\www\yii\framework\base\CApplication.php(180): CWebApplication->processRequest()
#2 C:\Program Files (x86)\Ampps\www\myProfile\index.php(12): CApplication->run()
#3 {main}
REQUEST_URI=/myProfile/css/pages/images/pages/ido.png
HTTP_REFERER=http://127.0.0.1/myProfile/
---
2014/06/30 06:43:22 [error] [exception.CHttpException.404] exception 'CHttpException' with message 'Unable to resolve the request "js/pages/index.js".' in C:\Program Files (x86)\Ampps\www\yii\framework\web\CWebApplication.php:286
Stack trace:
#0 C:\Program Files (x86)\Ampps\www\yii\framework\web\CWebApplication.php(141): CWebApplication->runController('js/pages/index....')
#1 C:\Program Files (x86)\Ampps\www\yii\framework\base\CApplication.php(180): CWebApplication->processRequest()
#2 C:\Program Files (x86)\Ampps\www\myProfile\index.php(12): CApplication->run()
#3 {main}
REQUEST_URI=/myProfile/js/pages/index.js
HTTP_REFERER=http://127.0.0.1/myProfile/
---
2014/06/30 06:43:22 [error] [exception.CHttpException.404] exception 'CHttpException' with message 'Unable to resolve the request "css/images/pages/ido.png".' in C:\Program Files (x86)\Ampps\www\yii\framework\web\CWebApplication.php:286
Stack trace:
#0 C:\Program Files (x86)\Ampps\www\yii\framework\web\CWebApplication.php(141): CWebApplication->runController('css/images/page...')
#1 C:\Program Files (x86)\Ampps\www\yii\framework\base\CApplication.php(180): CWebApplication->processRequest()
#2 C:\Program Files (x86)\Ampps\www\myProfile\index.php(12): CApplication->run()
#3 {main}
REQUEST_URI=/myProfile/css/images/pages/ido.png
HTTP_REFERER=http://127.0.0.1/myProfile/
---
2014/06/30 06:43:36 [error] [exception.CHttpException.404] exception 'CHttpException' with message 'Unable to resolve the request "js/pages/index.js".' in C:\Program Files (x86)\Ampps\www\yii\framework\web\CWebApplication.php:286
Stack trace:
#0 C:\Program Files (x86)\Ampps\www\yii\framework\web\CWebApplication.php(141): CWebApplication->runController('js/pages/index....')
#1 C:\Program Files (x86)\Ampps\www\yii\framework\base\CApplication.php(180): CWebApplication->processRequest()
#2 C:\Program Files (x86)\Ampps\www\myProfile\index.php(12): CApplication->run()
#3 {main}
REQUEST_URI=/myProfile/js/pages/index.js
HTTP_REFERER=http://127.0.0.1/myProfile/
---
2014/06/30 06:45:02 [error] [exception.CHttpException.404] exception 'CHttpException' with message 'Unable to resolve the request "js/pages/index.js".' in C:\Program Files (x86)\Ampps\www\yii\framework\web\CWebApplication.php:286
Stack trace:
#0 C:\Program Files (x86)\Ampps\www\yii\framework\web\CWebApplication.php(141): CWebApplication->runController('js/pages/index....')
#1 C:\Program Files (x86)\Ampps\www\yii\framework\base\CApplication.php(180): CWebApplication->processRequest()
#2 C:\Program Files (x86)\Ampps\www\myProfile\index.php(12): CApplication->run()
#3 {main}
REQUEST_URI=/myProfile/js/pages/index.js
HTTP_REFERER=http://127.0.0.1/myProfile/
---
2014/06/30 06:45:34 [error] [exception.CHttpException.404] exception 'CHttpException' with message 'Unable to resolve the request "js/pages/index.js".' in C:\Program Files (x86)\Ampps\www\yii\framework\web\CWebApplication.php:286
Stack trace:
#0 C:\Program Files (x86)\Ampps\www\yii\framework\web\CWebApplication.php(141): CWebApplication->runController('js/pages/index....')
#1 C:\Program Files (x86)\Ampps\www\yii\framework\base\CApplication.php(180): CWebApplication->processRequest()
#2 C:\Program Files (x86)\Ampps\www\myProfile\index.php(12): CApplication->run()
#3 {main}
REQUEST_URI=/myProfile/js/pages/index.js
HTTP_REFERER=http://127.0.0.1/myProfile/
---
2014/06/30 06:45:54 [error] [exception.CHttpException.404] exception 'CHttpException' with message 'Unable to resolve the request "js/pages/index.js".' in C:\Program Files (x86)\Ampps\www\yii\framework\web\CWebApplication.php:286
Stack trace:
#0 C:\Program Files (x86)\Ampps\www\yii\framework\web\CWebApplication.php(141): CWebApplication->runController('js/pages/index....')
#1 C:\Program Files (x86)\Ampps\www\yii\framework\base\CApplication.php(180): CWebApplication->processRequest()
#2 C:\Program Files (x86)\Ampps\www\myProfile\index.php(12): CApplication->run()
#3 {main}
REQUEST_URI=/myProfile/js/pages/index.js
HTTP_REFERER=http://127.0.0.1/myProfile/
---
2014/06/30 06:46:28 [error] [exception.CHttpException.404] exception 'CHttpException' with message 'Unable to resolve the request "js/pages/index.js".' in C:\Program Files (x86)\Ampps\www\yii\framework\web\CWebApplication.php:286
Stack trace:
#0 C:\Program Files (x86)\Ampps\www\yii\framework\web\CWebApplication.php(141): CWebApplication->runController('js/pages/index....')
#1 C:\Program Files (x86)\Ampps\www\yii\framework\base\CApplication.php(180): CWebApplication->processRequest()
#2 C:\Program Files (x86)\Ampps\www\myProfile\index.php(12): CApplication->run()
#3 {main}
REQUEST_URI=/myProfile/js/pages/index.js
HTTP_REFERER=http://127.0.0.1/myProfile/
---
2014/06/30 06:47:15 [error] [exception.CHttpException.404] exception 'CHttpException' with message 'Unable to resolve the request "js/pages/index.js".' in C:\Program Files (x86)\Ampps\www\yii\framework\web\CWebApplication.php:286
Stack trace:
#0 C:\Program Files (x86)\Ampps\www\yii\framework\web\CWebApplication.php(141): CWebApplication->runController('js/pages/index....')
#1 C:\Program Files (x86)\Ampps\www\yii\framework\base\CApplication.php(180): CWebApplication->processRequest()
#2 C:\Program Files (x86)\Ampps\www\myProfile\index.php(12): CApplication->run()
#3 {main}
REQUEST_URI=/myProfile/js/pages/index.js
HTTP_REFERER=http://127.0.0.1/myProfile/
---
2014/06/30 06:47:21 [error] [exception.CHttpException.404] exception 'CHttpException' with message 'Unable to resolve the request "js/pages/index.js".' in C:\Program Files (x86)\Ampps\www\yii\framework\web\CWebApplication.php:286
Stack trace:
#0 C:\Program Files (x86)\Ampps\www\yii\framework\web\CWebApplication.php(141): CWebApplication->runController('js/pages/index....')
#1 C:\Program Files (x86)\Ampps\www\yii\framework\base\CApplication.php(180): CWebApplication->processRequest()
#2 C:\Program Files (x86)\Ampps\www\myProfile\index.php(12): CApplication->run()
#3 {main}
REQUEST_URI=/myProfile/js/pages/index.js
HTTP_REFERER=http://127.0.0.1/myProfile/
---
2014/06/30 06:47:44 [error] [exception.CHttpException.404] exception 'CHttpException' with message 'Unable to resolve the request "js/pages/index.js".' in C:\Program Files (x86)\Ampps\www\yii\framework\web\CWebApplication.php:286
Stack trace:
#0 C:\Program Files (x86)\Ampps\www\yii\framework\web\CWebApplication.php(141): CWebApplication->runController('js/pages/index....')
#1 C:\Program Files (x86)\Ampps\www\yii\framework\base\CApplication.php(180): CWebApplication->processRequest()
#2 C:\Program Files (x86)\Ampps\www\myProfile\index.php(12): CApplication->run()
#3 {main}
REQUEST_URI=/myProfile/js/pages/index.js
HTTP_REFERER=http://127.0.0.1/myProfile/
---
2014/06/30 06:47:49 [error] [exception.CHttpException.404] exception 'CHttpException' with message 'Unable to resolve the request "js/pages/index.js".' in C:\Program Files (x86)\Ampps\www\yii\framework\web\CWebApplication.php:286
Stack trace:
#0 C:\Program Files (x86)\Ampps\www\yii\framework\web\CWebApplication.php(141): CWebApplication->runController('js/pages/index....')
#1 C:\Program Files (x86)\Ampps\www\yii\framework\base\CApplication.php(180): CWebApplication->processRequest()
#2 C:\Program Files (x86)\Ampps\www\myProfile\index.php(12): CApplication->run()
#3 {main}
REQUEST_URI=/myProfile/js/pages/index.js
HTTP_REFERER=http://127.0.0.1/myProfile/
---
2014/06/30 06:47:55 [error] [exception.CHttpException.404] exception 'CHttpException' with message 'Unable to resolve the request "js/pages/index.js".' in C:\Program Files (x86)\Ampps\www\yii\framework\web\CWebApplication.php:286
Stack trace:
#0 C:\Program Files (x86)\Ampps\www\yii\framework\web\CWebApplication.php(141): CWebApplication->runController('js/pages/index....')
#1 C:\Program Files (x86)\Ampps\www\yii\framework\base\CApplication.php(180): CWebApplication->processRequest()
#2 C:\Program Files (x86)\Ampps\www\myProfile\index.php(12): CApplication->run()
#3 {main}
REQUEST_URI=/myProfile/js/pages/index.js
HTTP_REFERER=http://127.0.0.1/myProfile/
---
2014/06/30 06:48:02 [error] [exception.CHttpException.404] exception 'CHttpException' with message 'Unable to resolve the request "js/pages/index.js".' in C:\Program Files (x86)\Ampps\www\yii\framework\web\CWebApplication.php:286
Stack trace:
#0 C:\Program Files (x86)\Ampps\www\yii\framework\web\CWebApplication.php(141): CWebApplication->runController('js/pages/index....')
#1 C:\Program Files (x86)\Ampps\www\yii\framework\base\CApplication.php(180): CWebApplication->processRequest()
#2 C:\Program Files (x86)\Ampps\www\myProfile\index.php(12): CApplication->run()
#3 {main}
REQUEST_URI=/myProfile/js/pages/index.js
HTTP_REFERER=http://127.0.0.1/myProfile/
---
2014/06/30 06:50:24 [error] [exception.CHttpException.404] exception 'CHttpException' with message 'Unable to resolve the request "js/pages/index.js".' in C:\Program Files (x86)\Ampps\www\yii\framework\web\CWebApplication.php:286
Stack trace:
#0 C:\Program Files (x86)\Ampps\www\yii\framework\web\CWebApplication.php(141): CWebApplication->runController('js/pages/index....')
#1 C:\Program Files (x86)\Ampps\www\yii\framework\base\CApplication.php(180): CWebApplication->processRequest()
#2 C:\Program Files (x86)\Ampps\www\myProfile\index.php(12): CApplication->run()
#3 {main}
REQUEST_URI=/myProfile/js/pages/index.js
HTTP_REFERER=http://127.0.0.1/myProfile/
---
2014/06/30 06:53:03 [error] [exception.CHttpException.404] exception 'CHttpException' with message 'Unable to resolve the request "js/pages/index.js".' in C:\Program Files (x86)\Ampps\www\yii\framework\web\CWebApplication.php:286
Stack trace:
#0 C:\Program Files (x86)\Ampps\www\yii\framework\web\CWebApplication.php(141): CWebApplication->runController('js/pages/index....')
#1 C:\Program Files (x86)\Ampps\www\yii\framework\base\CApplication.php(180): CWebApplication->processRequest()
#2 C:\Program Files (x86)\Ampps\www\myProfile\index.php(12): CApplication->run()
#3 {main}
REQUEST_URI=/myProfile/js/pages/index.js
HTTP_REFERER=http://127.0.0.1/myProfile/
---
2014/06/30 06:53:28 [error] [exception.CHttpException.404] exception 'CHttpException' with message 'Unable to resolve the request "js/pages/index.js".' in C:\Program Files (x86)\Ampps\www\yii\framework\web\CWebApplication.php:286
Stack trace:
#0 C:\Program Files (x86)\Ampps\www\yii\framework\web\CWebApplication.php(141): CWebApplication->runController('js/pages/index....')
#1 C:\Program Files (x86)\Ampps\www\yii\framework\base\CApplication.php(180): CWebApplication->processRequest()
#2 C:\Program Files (x86)\Ampps\www\myProfile\index.php(12): CApplication->run()
#3 {main}
REQUEST_URI=/myProfile/js/pages/index.js
HTTP_REFERER=http://127.0.0.1/myProfile/
---
2014/06/30 06:53:36 [error] [exception.CHttpException.404] exception 'CHttpException' with message 'Unable to resolve the request "js/pages/index.js".' in C:\Program Files (x86)\Ampps\www\yii\framework\web\CWebApplication.php:286
Stack trace:
#0 C:\Program Files (x86)\Ampps\www\yii\framework\web\CWebApplication.php(141): CWebApplication->runController('js/pages/index....')
#1 C:\Program Files (x86)\Ampps\www\yii\framework\base\CApplication.php(180): CWebApplication->processRequest()
#2 C:\Program Files (x86)\Ampps\www\myProfile\index.php(12): CApplication->run()
#3 {main}
REQUEST_URI=/myProfile/js/pages/index.js
HTTP_REFERER=http://127.0.0.1/myProfile/
---
2014/06/30 06:53:45 [error] [exception.CHttpException.404] exception 'CHttpException' with message 'Unable to resolve the request "js/pages/index.js".' in C:\Program Files (x86)\Ampps\www\yii\framework\web\CWebApplication.php:286
Stack trace:
#0 C:\Program Files (x86)\Ampps\www\yii\framework\web\CWebApplication.php(141): CWebApplication->runController('js/pages/index....')
#1 C:\Program Files (x86)\Ampps\www\yii\framework\base\CApplication.php(180): CWebApplication->processRequest()
#2 C:\Program Files (x86)\Ampps\www\myProfile\index.php(12): CApplication->run()
#3 {main}
REQUEST_URI=/myProfile/js/pages/index.js
HTTP_REFERER=http://127.0.0.1/myProfile/
---
2014/06/30 06:53:51 [error] [exception.CHttpException.404] exception 'CHttpException' with message 'Unable to resolve the request "js/pages/index.js".' in C:\Program Files (x86)\Ampps\www\yii\framework\web\CWebApplication.php:286
Stack trace:
#0 C:\Program Files (x86)\Ampps\www\yii\framework\web\CWebApplication.php(141): CWebApplication->runController('js/pages/index....')
#1 C:\Program Files (x86)\Ampps\www\yii\framework\base\CApplication.php(180): CWebApplication->processRequest()
#2 C:\Program Files (x86)\Ampps\www\myProfile\index.php(12): CApplication->run()
#3 {main}
REQUEST_URI=/myProfile/js/pages/index.js
HTTP_REFERER=http://127.0.0.1/myProfile/
---
2014/06/30 06:56:33 [error] [exception.CHttpException.404] exception 'CHttpException' with message 'Unable to resolve the request "js/pages/index.js".' in C:\Program Files (x86)\Ampps\www\yii\framework\web\CWebApplication.php:286
Stack trace:
#0 C:\Program Files (x86)\Ampps\www\yii\framework\web\CWebApplication.php(141): CWebApplication->runController('js/pages/index....')
#1 C:\Program Files (x86)\Ampps\www\yii\framework\base\CApplication.php(180): CWebApplication->processRequest()
#2 C:\Program Files (x86)\Ampps\www\myProfile\index.php(12): CApplication->run()
#3 {main}
REQUEST_URI=/myProfile/js/pages/index.js
HTTP_REFERER=http://127.0.0.1/myProfile/
---
2014/06/30 06:56:43 [error] [exception.CHttpException.404] exception 'CHttpException' with message 'Unable to resolve the request "js/pages/index.js".' in C:\Program Files (x86)\Ampps\www\yii\framework\web\CWebApplication.php:286
Stack trace:
#0 C:\Program Files (x86)\Ampps\www\yii\framework\web\CWebApplication.php(141): CWebApplication->runController('js/pages/index....')
#1 C:\Program Files (x86)\Ampps\www\yii\framework\base\CApplication.php(180): CWebApplication->processRequest()
#2 C:\Program Files (x86)\Ampps\www\myProfile\index.php(12): CApplication->run()
#3 {main}
REQUEST_URI=/myProfile/js/pages/index.js
HTTP_REFERER=http://127.0.0.1/myProfile/
---
2014/06/30 06:56:47 [error] [exception.CHttpException.404] exception 'CHttpException' with message 'Unable to resolve the request "js/pages/index.js".' in C:\Program Files (x86)\Ampps\www\yii\framework\web\CWebApplication.php:286
Stack trace:
#0 C:\Program Files (x86)\Ampps\www\yii\framework\web\CWebApplication.php(141): CWebApplication->runController('js/pages/index....')
#1 C:\Program Files (x86)\Ampps\www\yii\framework\base\CApplication.php(180): CWebApplication->processRequest()
#2 C:\Program Files (x86)\Ampps\www\myProfile\index.php(12): CApplication->run()
#3 {main}
REQUEST_URI=/myProfile/js/pages/index.js
HTTP_REFERER=http://127.0.0.1/myProfile/
---
2014/06/30 06:57:08 [error] [exception.CHttpException.404] exception 'CHttpException' with message 'Unable to resolve the request "js/pages/index.js".' in C:\Program Files (x86)\Ampps\www\yii\framework\web\CWebApplication.php:286
Stack trace:
#0 C:\Program Files (x86)\Ampps\www\yii\framework\web\CWebApplication.php(141): CWebApplication->runController('js/pages/index....')
#1 C:\Program Files (x86)\Ampps\www\yii\framework\base\CApplication.php(180): CWebApplication->processRequest()
#2 C:\Program Files (x86)\Ampps\www\myProfile\index.php(12): CApplication->run()
#3 {main}
REQUEST_URI=/myProfile/js/pages/index.js
HTTP_REFERER=http://127.0.0.1/myProfile/
---
2014/06/30 06:57:15 [error] [exception.CHttpException.404] exception 'CHttpException' with message 'Unable to resolve the request "js/pages/index.js".' in C:\Program Files (x86)\Ampps\www\yii\framework\web\CWebApplication.php:286
Stack trace:
#0 C:\Program Files (x86)\Ampps\www\yii\framework\web\CWebApplication.php(141): CWebApplication->runController('js/pages/index....')
#1 C:\Program Files (x86)\Ampps\www\yii\framework\base\CApplication.php(180): CWebApplication->processRequest()
#2 C:\Program Files (x86)\Ampps\www\myProfile\index.php(12): CApplication->run()
#3 {main}
REQUEST_URI=/myProfile/js/pages/index.js
HTTP_REFERER=http://127.0.0.1/myProfile/
---
2014/06/30 06:58:04 [error] [exception.CHttpException.404] exception 'CHttpException' with message 'Unable to resolve the request "js/pages/index.js".' in C:\Program Files (x86)\Ampps\www\yii\framework\web\CWebApplication.php:286
Stack trace:
#0 C:\Program Files (x86)\Ampps\www\yii\framework\web\CWebApplication.php(141): CWebApplication->runController('js/pages/index....')
#1 C:\Program Files (x86)\Ampps\www\yii\framework\base\CApplication.php(180): CWebApplication->processRequest()
#2 C:\Program Files (x86)\Ampps\www\myProfile\index.php(12): CApplication->run()
#3 {main}
REQUEST_URI=/myProfile/js/pages/index.js
HTTP_REFERER=http://127.0.0.1/myProfile/
---
2014/06/30 06:58:24 [error] [exception.CHttpException.404] exception 'CHttpException' with message 'Unable to resolve the request "js/pages/index.js".' in C:\Program Files (x86)\Ampps\www\yii\framework\web\CWebApplication.php:286
Stack trace:
#0 C:\Program Files (x86)\Ampps\www\yii\framework\web\CWebApplication.php(141): CWebApplication->runController('js/pages/index....')
#1 C:\Program Files (x86)\Ampps\www\yii\framework\base\CApplication.php(180): CWebApplication->processRequest()
#2 C:\Program Files (x86)\Ampps\www\myProfile\index.php(12): CApplication->run()
#3 {main}
REQUEST_URI=/myProfile/js/pages/index.js
HTTP_REFERER=http://127.0.0.1/myProfile/
---
2014/06/30 06:58:33 [error] [exception.CHttpException.404] exception 'CHttpException' with message 'Unable to resolve the request "js/pages/index.js".' in C:\Program Files (x86)\Ampps\www\yii\framework\web\CWebApplication.php:286
Stack trace:
#0 C:\Program Files (x86)\Ampps\www\yii\framework\web\CWebApplication.php(141): CWebApplication->runController('js/pages/index....')
#1 C:\Program Files (x86)\Ampps\www\yii\framework\base\CApplication.php(180): CWebApplication->processRequest()
#2 C:\Program Files (x86)\Ampps\www\myProfile\index.php(12): CApplication->run()
#3 {main}
REQUEST_URI=/myProfile/js/pages/index.js
HTTP_REFERER=http://127.0.0.1/myProfile/
---
2014/06/30 06:58:43 [error] [exception.CHttpException.404] exception 'CHttpException' with message 'Unable to resolve the request "js/pages/index.js".' in C:\Program Files (x86)\Ampps\www\yii\framework\web\CWebApplication.php:286
Stack trace:
#0 C:\Program Files (x86)\Ampps\www\yii\framework\web\CWebApplication.php(141): CWebApplication->runController('js/pages/index....')
#1 C:\Program Files (x86)\Ampps\www\yii\framework\base\CApplication.php(180): CWebApplication->processRequest()
#2 C:\Program Files (x86)\Ampps\www\myProfile\index.php(12): CApplication->run()
#3 {main}
REQUEST_URI=/myProfile/js/pages/index.js
HTTP_REFERER=http://127.0.0.1/myProfile/
---
2014/06/30 06:58:50 [error] [exception.CHttpException.404] exception 'CHttpException' with message 'Unable to resolve the request "js/pages/index.js".' in C:\Program Files (x86)\Ampps\www\yii\framework\web\CWebApplication.php:286
Stack trace:
#0 C:\Program Files (x86)\Ampps\www\yii\framework\web\CWebApplication.php(141): CWebApplication->runController('js/pages/index....')
#1 C:\Program Files (x86)\Ampps\www\yii\framework\base\CApplication.php(180): CWebApplication->processRequest()
#2 C:\Program Files (x86)\Ampps\www\myProfile\index.php(12): CApplication->run()
#3 {main}
REQUEST_URI=/myProfile/js/pages/index.js
HTTP_REFERER=http://127.0.0.1/myProfile/
---
2014/06/30 06:58:54 [error] [exception.CHttpException.404] exception 'CHttpException' with message 'Unable to resolve the request "js/pages/index.js".' in C:\Program Files (x86)\Ampps\www\yii\framework\web\CWebApplication.php:286
Stack trace:
#0 C:\Program Files (x86)\Ampps\www\yii\framework\web\CWebApplication.php(141): CWebApplication->runController('js/pages/index....')
#1 C:\Program Files (x86)\Ampps\www\yii\framework\base\CApplication.php(180): CWebApplication->processRequest()
#2 C:\Program Files (x86)\Ampps\www\myProfile\index.php(12): CApplication->run()
#3 {main}
REQUEST_URI=/myProfile/js/pages/index.js
HTTP_REFERER=http://127.0.0.1/myProfile/
---
2014/06/30 06:59:10 [error] [exception.CHttpException.404] exception 'CHttpException' with message 'Unable to resolve the request "js/pages/index.js".' in C:\Program Files (x86)\Ampps\www\yii\framework\web\CWebApplication.php:286
Stack trace:
#0 C:\Program Files (x86)\Ampps\www\yii\framework\web\CWebApplication.php(141): CWebApplication->runController('js/pages/index....')
#1 C:\Program Files (x86)\Ampps\www\yii\framework\base\CApplication.php(180): CWebApplication->processRequest()
#2 C:\Program Files (x86)\Ampps\www\myProfile\index.php(12): CApplication->run()
#3 {main}
REQUEST_URI=/myProfile/js/pages/index.js
HTTP_REFERER=http://127.0.0.1/myProfile/
---
2014/06/30 06:59:25 [error] [exception.CHttpException.404] exception 'CHttpException' with message 'Unable to resolve the request "js/pages/index.js".' in C:\Program Files (x86)\Ampps\www\yii\framework\web\CWebApplication.php:286
Stack trace:
#0 C:\Program Files (x86)\Ampps\www\yii\framework\web\CWebApplication.php(141): CWebApplication->runController('js/pages/index....')
#1 C:\Program Files (x86)\Ampps\www\yii\framework\base\CApplication.php(180): CWebApplication->processRequest()
#2 C:\Program Files (x86)\Ampps\www\myProfile\index.php(12): CApplication->run()
#3 {main}
REQUEST_URI=/myProfile/js/pages/index.js
HTTP_REFERER=http://127.0.0.1/myProfile/
---
2014/06/30 06:59:57 [error] [exception.CHttpException.404] exception 'CHttpException' with message 'Unable to resolve the request "js/pages/index.js".' in C:\Program Files (x86)\Ampps\www\yii\framework\web\CWebApplication.php:286
Stack trace:
#0 C:\Program Files (x86)\Ampps\www\yii\framework\web\CWebApplication.php(141): CWebApplication->runController('js/pages/index....')
#1 C:\Program Files (x86)\Ampps\www\yii\framework\base\CApplication.php(180): CWebApplication->processRequest()
#2 C:\Program Files (x86)\Ampps\www\myProfile\index.php(12): CApplication->run()
#3 {main}
REQUEST_URI=/myProfile/js/pages/index.js
HTTP_REFERER=http://127.0.0.1/myProfile/
---
2014/06/30 07:00:41 [error] [exception.CHttpException.404] exception 'CHttpException' with message 'Unable to resolve the request "js/pages/index.js".' in C:\Program Files (x86)\Ampps\www\yii\framework\web\CWebApplication.php:286
Stack trace:
#0 C:\Program Files (x86)\Ampps\www\yii\framework\web\CWebApplication.php(141): CWebApplication->runController('js/pages/index....')
#1 C:\Program Files (x86)\Ampps\www\yii\framework\base\CApplication.php(180): CWebApplication->processRequest()
#2 C:\Program Files (x86)\Ampps\www\myProfile\index.php(12): CApplication->run()
#3 {main}
REQUEST_URI=/myProfile/js/pages/index.js
HTTP_REFERER=http://127.0.0.1/myProfile/
---
2014/06/30 07:00:55 [error] [exception.CHttpException.404] exception 'CHttpException' with message 'Unable to resolve the request "js/pages/index.js".' in C:\Program Files (x86)\Ampps\www\yii\framework\web\CWebApplication.php:286
Stack trace:
#0 C:\Program Files (x86)\Ampps\www\yii\framework\web\CWebApplication.php(141): CWebApplication->runController('js/pages/index....')
#1 C:\Program Files (x86)\Ampps\www\yii\framework\base\CApplication.php(180): CWebApplication->processRequest()
#2 C:\Program Files (x86)\Ampps\www\myProfile\index.php(12): CApplication->run()
#3 {main}
REQUEST_URI=/myProfile/js/pages/index.js
HTTP_REFERER=http://127.0.0.1/myProfile/
---
2014/06/30 07:04:11 [error] [exception.CHttpException.404] exception 'CHttpException' with message 'Unable to resolve the request "js/pages/index.js".' in C:\Program Files (x86)\Ampps\www\yii\framework\web\CWebApplication.php:286
Stack trace:
#0 C:\Program Files (x86)\Ampps\www\yii\framework\web\CWebApplication.php(141): CWebApplication->runController('js/pages/index....')
#1 C:\Program Files (x86)\Ampps\www\yii\framework\base\CApplication.php(180): CWebApplication->processRequest()
#2 C:\Program Files (x86)\Ampps\www\myProfile\index.php(12): CApplication->run()
#3 {main}
REQUEST_URI=/myProfile/js/pages/index.js
HTTP_REFERER=http://127.0.0.1/myProfile/
---
2014/06/30 07:12:05 [error] [exception.CHttpException.404] exception 'CHttpException' with message 'Unable to resolve the request "js/pages/index.js".' in C:\Program Files (x86)\Ampps\www\yii\framework\web\CWebApplication.php:286
Stack trace:
#0 C:\Program Files (x86)\Ampps\www\yii\framework\web\CWebApplication.php(141): CWebApplication->runController('js/pages/index....')
#1 C:\Program Files (x86)\Ampps\www\yii\framework\base\CApplication.php(180): CWebApplication->processRequest()
#2 C:\Program Files (x86)\Ampps\www\myProfile\index.php(12): CApplication->run()
#3 {main}
REQUEST_URI=/myProfile/js/pages/index.js
HTTP_REFERER=http://127.0.0.1/myProfile/
---
2014/06/30 07:12:29 [error] [exception.CHttpException.404] exception 'CHttpException' with message 'Unable to resolve the request "js/pages/index.js".' in C:\Program Files (x86)\Ampps\www\yii\framework\web\CWebApplication.php:286
Stack trace:
#0 C:\Program Files (x86)\Ampps\www\yii\framework\web\CWebApplication.php(141): CWebApplication->runController('js/pages/index....')
#1 C:\Program Files (x86)\Ampps\www\yii\framework\base\CApplication.php(180): CWebApplication->processRequest()
#2 C:\Program Files (x86)\Ampps\www\myProfile\index.php(12): CApplication->run()
#3 {main}
REQUEST_URI=/myProfile/js/pages/index.js
HTTP_REFERER=http://127.0.0.1/myProfile/
---
2014/06/30 07:12:36 [error] [exception.CHttpException.404] exception 'CHttpException' with message 'Unable to resolve the request "js/pages/index.js".' in C:\Program Files (x86)\Ampps\www\yii\framework\web\CWebApplication.php:286
Stack trace:
#0 C:\Program Files (x86)\Ampps\www\yii\framework\web\CWebApplication.php(141): CWebApplication->runController('js/pages/index....')
#1 C:\Program Files (x86)\Ampps\www\yii\framework\base\CApplication.php(180): CWebApplication->processRequest()
#2 C:\Program Files (x86)\Ampps\www\myProfile\index.php(12): CApplication->run()
#3 {main}
REQUEST_URI=/myProfile/js/pages/index.js
HTTP_REFERER=http://127.0.0.1/myProfile/
---
2014/06/30 07:13:22 [error] [exception.CHttpException.404] exception 'CHttpException' with message 'Unable to resolve the request "js/pages/index.js".' in C:\Program Files (x86)\Ampps\www\yii\framework\web\CWebApplication.php:286
Stack trace:
#0 C:\Program Files (x86)\Ampps\www\yii\framework\web\CWebApplication.php(141): CWebApplication->runController('js/pages/index....')
#1 C:\Program Files (x86)\Ampps\www\yii\framework\base\CApplication.php(180): CWebApplication->processRequest()
#2 C:\Program Files (x86)\Ampps\www\myProfile\index.php(12): CApplication->run()
#3 {main}
REQUEST_URI=/myProfile/js/pages/index.js
HTTP_REFERER=http://127.0.0.1/myProfile/
---
2014/06/30 07:16:48 [error] [exception.CHttpException.404] exception 'CHttpException' with message 'Unable to resolve the request "js/pages/index.js".' in C:\Program Files (x86)\Ampps\www\yii\framework\web\CWebApplication.php:286
Stack trace:
#0 C:\Program Files (x86)\Ampps\www\yii\framework\web\CWebApplication.php(141): CWebApplication->runController('js/pages/index....')
#1 C:\Program Files (x86)\Ampps\www\yii\framework\base\CApplication.php(180): CWebApplication->processRequest()
#2 C:\Program Files (x86)\Ampps\www\myProfile\index.php(12): CApplication->run()
#3 {main}
REQUEST_URI=/myProfile/js/pages/index.js
HTTP_REFERER=http://127.0.0.1/myProfile/
---
2014/06/30 07:16:51 [error] [exception.CHttpException.404] exception 'CHttpException' with message 'Unable to resolve the request "js/pages/index.js".' in C:\Program Files (x86)\Ampps\www\yii\framework\web\CWebApplication.php:286
Stack trace:
#0 C:\Program Files (x86)\Ampps\www\yii\framework\web\CWebApplication.php(141): CWebApplication->runController('js/pages/index....')
#1 C:\Program Files (x86)\Ampps\www\yii\framework\base\CApplication.php(180): CWebApplication->processRequest()
#2 C:\Program Files (x86)\Ampps\www\myProfile\index.php(12): CApplication->run()
#3 {main}
REQUEST_URI=/myProfile/js/pages/index.js
HTTP_REFERER=http://127.0.0.1/myProfile/
---
2014/06/30 07:17:08 [error] [exception.CHttpException.404] exception 'CHttpException' with message 'Unable to resolve the request "js/pages/index.js".' in C:\Program Files (x86)\Ampps\www\yii\framework\web\CWebApplication.php:286
Stack trace:
#0 C:\Program Files (x86)\Ampps\www\yii\framework\web\CWebApplication.php(141): CWebApplication->runController('js/pages/index....')
#1 C:\Program Files (x86)\Ampps\www\yii\framework\base\CApplication.php(180): CWebApplication->processRequest()
#2 C:\Program Files (x86)\Ampps\www\myProfile\index.php(12): CApplication->run()
#3 {main}
REQUEST_URI=/myProfile/js/pages/index.js
HTTP_REFERER=http://127.0.0.1/myProfile/
---
2014/06/30 07:18:07 [error] [exception.CHttpException.404] exception 'CHttpException' with message 'Unable to resolve the request "js/pages/index.js".' in C:\Program Files (x86)\Ampps\www\yii\framework\web\CWebApplication.php:286
Stack trace:
#0 C:\Program Files (x86)\Ampps\www\yii\framework\web\CWebApplication.php(141): CWebApplication->runController('js/pages/index....')
#1 C:\Program Files (x86)\Ampps\www\yii\framework\base\CApplication.php(180): CWebApplication->processRequest()
#2 C:\Program Files (x86)\Ampps\www\myProfile\index.php(12): CApplication->run()
#3 {main}
REQUEST_URI=/myProfile/js/pages/index.js
HTTP_REFERER=http://127.0.0.1/myProfile/
---
2014/06/30 07:18:28 [error] [exception.CHttpException.404] exception 'CHttpException' with message 'Unable to resolve the request "js/pages/index.js".' in C:\Program Files (x86)\Ampps\www\yii\framework\web\CWebApplication.php:286
Stack trace:
#0 C:\Program Files (x86)\Ampps\www\yii\framework\web\CWebApplication.php(141): CWebApplication->runController('js/pages/index....')
#1 C:\Program Files (x86)\Ampps\www\yii\framework\base\CApplication.php(180): CWebApplication->processRequest()
#2 C:\Program Files (x86)\Ampps\www\myProfile\index.php(12): CApplication->run()
#3 {main}
REQUEST_URI=/myProfile/js/pages/index.js
HTTP_REFERER=http://127.0.0.1/myProfile/
---
2014/06/30 07:21:27 [error] [exception.CHttpException.404] exception 'CHttpException' with message 'Unable to resolve the request "js/pages/index.js".' in C:\Program Files (x86)\Ampps\www\yii\framework\web\CWebApplication.php:286
Stack trace:
#0 C:\Program Files (x86)\Ampps\www\yii\framework\web\CWebApplication.php(141): CWebApplication->runController('js/pages/index....')
#1 C:\Program Files (x86)\Ampps\www\yii\framework\base\CApplication.php(180): CWebApplication->processRequest()
#2 C:\Program Files (x86)\Ampps\www\myProfile\index.php(12): CApplication->run()
#3 {main}
REQUEST_URI=/myProfile/js/pages/index.js
HTTP_REFERER=http://127.0.0.1/myProfile/
---
2014/06/30 07:26:04 [error] [exception.CHttpException.404] exception 'CHttpException' with message 'Unable to resolve the request "js/pages/index.js".' in C:\Program Files (x86)\Ampps\www\yii\framework\web\CWebApplication.php:286
Stack trace:
#0 C:\Program Files (x86)\Ampps\www\yii\framework\web\CWebApplication.php(141): CWebApplication->runController('js/pages/index....')
#1 C:\Program Files (x86)\Ampps\www\yii\framework\base\CApplication.php(180): CWebApplication->processRequest()
#2 C:\Program Files (x86)\Ampps\www\myProfile\index.php(12): CApplication->run()
#3 {main}
REQUEST_URI=/myProfile/js/pages/index.js
HTTP_REFERER=http://127.0.0.1/myProfile/
---
2014/06/30 07:26:25 [error] [exception.CHttpException.404] exception 'CHttpException' with message 'Unable to resolve the request "js/pages/index.js".' in C:\Program Files (x86)\Ampps\www\yii\framework\web\CWebApplication.php:286
Stack trace:
#0 C:\Program Files (x86)\Ampps\www\yii\framework\web\CWebApplication.php(141): CWebApplication->runController('js/pages/index....')
#1 C:\Program Files (x86)\Ampps\www\yii\framework\base\CApplication.php(180): CWebApplication->processRequest()
#2 C:\Program Files (x86)\Ampps\www\myProfile\index.php(12): CApplication->run()
#3 {main}
REQUEST_URI=/myProfile/js/pages/index.js
HTTP_REFERER=http://127.0.0.1/myProfile/
---
2014/06/30 07:28:39 [error] [exception.CHttpException.404] exception 'CHttpException' with message 'Unable to resolve the request "js/pages/index.js".' in C:\Program Files (x86)\Ampps\www\yii\framework\web\CWebApplication.php:286
Stack trace:
#0 C:\Program Files (x86)\Ampps\www\yii\framework\web\CWebApplication.php(141): CWebApplication->runController('js/pages/index....')
#1 C:\Program Files (x86)\Ampps\www\yii\framework\base\CApplication.php(180): CWebApplication->processRequest()
#2 C:\Program Files (x86)\Ampps\www\myProfile\index.php(12): CApplication->run()
#3 {main}
REQUEST_URI=/myProfile/js/pages/index.js
HTTP_REFERER=http://127.0.0.1/myProfile/
---
2014/06/30 07:29:17 [error] [exception.CHttpException.404] exception 'CHttpException' with message 'Unable to resolve the request "js/pages/index.js".' in C:\Program Files (x86)\Ampps\www\yii\framework\web\CWebApplication.php:286
Stack trace:
#0 C:\Program Files (x86)\Ampps\www\yii\framework\web\CWebApplication.php(141): CWebApplication->runController('js/pages/index....')
#1 C:\Program Files (x86)\Ampps\www\yii\framework\base\CApplication.php(180): CWebApplication->processRequest()
#2 C:\Program Files (x86)\Ampps\www\myProfile\index.php(12): CApplication->run()
#3 {main}
REQUEST_URI=/myProfile/js/pages/index.js
HTTP_REFERER=http://127.0.0.1/myProfile/
---
2014/06/30 07:30:08 [error] [exception.CHttpException.404] exception 'CHttpException' with message 'Unable to resolve the request "js/pages/index.js".' in C:\Program Files (x86)\Ampps\www\yii\framework\web\CWebApplication.php:286
Stack trace:
#0 C:\Program Files (x86)\Ampps\www\yii\framework\web\CWebApplication.php(141): CWebApplication->runController('js/pages/index....')
#1 C:\Program Files (x86)\Ampps\www\yii\framework\base\CApplication.php(180): CWebApplication->processRequest()
#2 C:\Program Files (x86)\Ampps\www\myProfile\index.php(12): CApplication->run()
#3 {main}
REQUEST_URI=/myProfile/js/pages/index.js
HTTP_REFERER=http://127.0.0.1/myProfile/
---
2014/06/30 07:31:08 [error] [exception.CHttpException.404] exception 'CHttpException' with message 'Unable to resolve the request "js/pages/index.js".' in C:\Program Files (x86)\Ampps\www\yii\framework\web\CWebApplication.php:286
Stack trace:
#0 C:\Program Files (x86)\Ampps\www\yii\framework\web\CWebApplication.php(141): CWebApplication->runController('js/pages/index....')
#1 C:\Program Files (x86)\Ampps\www\yii\framework\base\CApplication.php(180): CWebApplication->processRequest()
#2 C:\Program Files (x86)\Ampps\www\myProfile\index.php(12): CApplication->run()
#3 {main}
REQUEST_URI=/myProfile/js/pages/index.js
HTTP_REFERER=http://127.0.0.1/myProfile/
---
2014/06/30 07:31:49 [error] [exception.CHttpException.404] exception 'CHttpException' with message 'Unable to resolve the request "js/pages/index.js".' in C:\Program Files (x86)\Ampps\www\yii\framework\web\CWebApplication.php:286
Stack trace:
#0 C:\Program Files (x86)\Ampps\www\yii\framework\web\CWebApplication.php(141): CWebApplication->runController('js/pages/index....')
#1 C:\Program Files (x86)\Ampps\www\yii\framework\base\CApplication.php(180): CWebApplication->processRequest()
#2 C:\Program Files (x86)\Ampps\www\myProfile\index.php(12): CApplication->run()
#3 {main}
REQUEST_URI=/myProfile/js/pages/index.js
HTTP_REFERER=http://127.0.0.1/myProfile/
---
2014/06/30 07:32:06 [error] [exception.CHttpException.404] exception 'CHttpException' with message 'Unable to resolve the request "js/pages/index.js".' in C:\Program Files (x86)\Ampps\www\yii\framework\web\CWebApplication.php:286
Stack trace:
#0 C:\Program Files (x86)\Ampps\www\yii\framework\web\CWebApplication.php(141): CWebApplication->runController('js/pages/index....')
#1 C:\Program Files (x86)\Ampps\www\yii\framework\base\CApplication.php(180): CWebApplication->processRequest()
#2 C:\Program Files (x86)\Ampps\www\myProfile\index.php(12): CApplication->run()
#3 {main}
REQUEST_URI=/myProfile/js/pages/index.js
HTTP_REFERER=http://127.0.0.1/myProfile/
---
2014/06/30 07:37:01 [error] [exception.CHttpException.404] exception 'CHttpException' with message 'Unable to resolve the request "js/pages/index.js".' in C:\Program Files (x86)\Ampps\www\yii\framework\web\CWebApplication.php:286
Stack trace:
#0 C:\Program Files (x86)\Ampps\www\yii\framework\web\CWebApplication.php(141): CWebApplication->runController('js/pages/index....')
#1 C:\Program Files (x86)\Ampps\www\yii\framework\base\CApplication.php(180): CWebApplication->processRequest()
#2 C:\Program Files (x86)\Ampps\www\myProfile\index.php(12): CApplication->run()
#3 {main}
REQUEST_URI=/myProfile/js/pages/index.js
HTTP_REFERER=http://127.0.0.1/myProfile/
---
2014/06/30 07:53:04 [error] [exception.CHttpException.404] exception 'CHttpException' with message 'Unable to resolve the request "js/pages/index.js".' in C:\Program Files (x86)\Ampps\www\yii\framework\web\CWebApplication.php:286
Stack trace:
#0 C:\Program Files (x86)\Ampps\www\yii\framework\web\CWebApplication.php(141): CWebApplication->runController('js/pages/index....')
#1 C:\Program Files (x86)\Ampps\www\yii\framework\base\CApplication.php(180): CWebApplication->processRequest()
#2 C:\Program Files (x86)\Ampps\www\myProfile\index.php(12): CApplication->run()
#3 {main}
REQUEST_URI=/myProfile/js/pages/index.js
HTTP_REFERER=http://127.0.0.1/myProfile/
---
2014/06/30 07:53:42 [error] [exception.CHttpException.404] exception 'CHttpException' with message 'Unable to resolve the request "js/pages/index.js".' in C:\Program Files (x86)\Ampps\www\yii\framework\web\CWebApplication.php:286
Stack trace:
#0 C:\Program Files (x86)\Ampps\www\yii\framework\web\CWebApplication.php(141): CWebApplication->runController('js/pages/index....')
#1 C:\Program Files (x86)\Ampps\www\yii\framework\base\CApplication.php(180): CWebApplication->processRequest()
#2 C:\Program Files (x86)\Ampps\www\myProfile\index.php(12): CApplication->run()
#3 {main}
REQUEST_URI=/myProfile/js/pages/index.js
HTTP_REFERER=http://127.0.0.1/myProfile/
---
2014/06/30 07:53:54 [error] [exception.CHttpException.404] exception 'CHttpException' with message 'Unable to resolve the request "js/pages/index.js".' in C:\Program Files (x86)\Ampps\www\yii\framework\web\CWebApplication.php:286
Stack trace:
#0 C:\Program Files (x86)\Ampps\www\yii\framework\web\CWebApplication.php(141): CWebApplication->runController('js/pages/index....')
#1 C:\Program Files (x86)\Ampps\www\yii\framework\base\CApplication.php(180): CWebApplication->processRequest()
#2 C:\Program Files (x86)\Ampps\www\myProfile\index.php(12): CApplication->run()
#3 {main}
REQUEST_URI=/myProfile/js/pages/index.js
HTTP_REFERER=http://127.0.0.1/myProfile/
---
2014/06/30 07:54:15 [error] [exception.CHttpException.404] exception 'CHttpException' with message 'Unable to resolve the request "js/pages/index.js".' in C:\Program Files (x86)\Ampps\www\yii\framework\web\CWebApplication.php:286
Stack trace:
#0 C:\Program Files (x86)\Ampps\www\yii\framework\web\CWebApplication.php(141): CWebApplication->runController('js/pages/index....')
#1 C:\Program Files (x86)\Ampps\www\yii\framework\base\CApplication.php(180): CWebApplication->processRequest()
#2 C:\Program Files (x86)\Ampps\www\myProfile\index.php(12): CApplication->run()
#3 {main}
REQUEST_URI=/myProfile/js/pages/index.js
HTTP_REFERER=http://127.0.0.1/myProfile/
---
2014/06/30 07:55:43 [error] [exception.CHttpException.404] exception 'CHttpException' with message 'Unable to resolve the request "js/pages/index.js".' in C:\Program Files (x86)\Ampps\www\yii\framework\web\CWebApplication.php:286
Stack trace:
#0 C:\Program Files (x86)\Ampps\www\yii\framework\web\CWebApplication.php(141): CWebApplication->runController('js/pages/index....')
#1 C:\Program Files (x86)\Ampps\www\yii\framework\base\CApplication.php(180): CWebApplication->processRequest()
#2 C:\Program Files (x86)\Ampps\www\myProfile\index.php(12): CApplication->run()
#3 {main}
REQUEST_URI=/myProfile/js/pages/index.js
HTTP_REFERER=http://127.0.0.1/myProfile/
---
2014/06/30 07:55:50 [error] [exception.CHttpException.404] exception 'CHttpException' with message 'Unable to resolve the request "js/pages/index.js".' in C:\Program Files (x86)\Ampps\www\yii\framework\web\CWebApplication.php:286
Stack trace:
#0 C:\Program Files (x86)\Ampps\www\yii\framework\web\CWebApplication.php(141): CWebApplication->runController('js/pages/index....')
#1 C:\Program Files (x86)\Ampps\www\yii\framework\base\CApplication.php(180): CWebApplication->processRequest()
#2 C:\Program Files (x86)\Ampps\www\myProfile\index.php(12): CApplication->run()
#3 {main}
REQUEST_URI=/myProfile/js/pages/index.js
HTTP_REFERER=http://127.0.0.1/myProfile/
---
2014/06/30 07:55:57 [error] [exception.CHttpException.404] exception 'CHttpException' with message 'Unable to resolve the request "js/pages/index.js".' in C:\Program Files (x86)\Ampps\www\yii\framework\web\CWebApplication.php:286
Stack trace:
#0 C:\Program Files (x86)\Ampps\www\yii\framework\web\CWebApplication.php(141): CWebApplication->runController('js/pages/index....')
#1 C:\Program Files (x86)\Ampps\www\yii\framework\base\CApplication.php(180): CWebApplication->processRequest()
#2 C:\Program Files (x86)\Ampps\www\myProfile\index.php(12): CApplication->run()
#3 {main}
REQUEST_URI=/myProfile/js/pages/index.js
HTTP_REFERER=http://127.0.0.1/myProfile/
---
2014/06/30 07:56:22 [error] [exception.CHttpException.404] exception 'CHttpException' with message 'Unable to resolve the request "js/pages/index.js".' in C:\Program Files (x86)\Ampps\www\yii\framework\web\CWebApplication.php:286
Stack trace:
#0 C:\Program Files (x86)\Ampps\www\yii\framework\web\CWebApplication.php(141): CWebApplication->runController('js/pages/index....')
#1 C:\Program Files (x86)\Ampps\www\yii\framework\base\CApplication.php(180): CWebApplication->processRequest()
#2 C:\Program Files (x86)\Ampps\www\myProfile\index.php(12): CApplication->run()
#3 {main}
REQUEST_URI=/myProfile/js/pages/index.js
HTTP_REFERER=http://127.0.0.1/myProfile/
---
2014/06/30 07:56:43 [error] [exception.CHttpException.404] exception 'CHttpException' with message 'Unable to resolve the request "js/pages/index.js".' in C:\Program Files (x86)\Ampps\www\yii\framework\web\CWebApplication.php:286
Stack trace:
#0 C:\Program Files (x86)\Ampps\www\yii\framework\web\CWebApplication.php(141): CWebApplication->runController('js/pages/index....')
#1 C:\Program Files (x86)\Ampps\www\yii\framework\base\CApplication.php(180): CWebApplication->processRequest()
#2 C:\Program Files (x86)\Ampps\www\myProfile\index.php(12): CApplication->run()
#3 {main}
REQUEST_URI=/myProfile/js/pages/index.js
HTTP_REFERER=http://127.0.0.1/myProfile/
---
2014/06/30 08:15:10 [error] [exception.CHttpException.404] exception 'CHttpException' with message 'Unable to resolve the request "js/pages/index.js".' in C:\Program Files (x86)\Ampps\www\yii\framework\web\CWebApplication.php:286
Stack trace:
#0 C:\Program Files (x86)\Ampps\www\yii\framework\web\CWebApplication.php(141): CWebApplication->runController('js/pages/index....')
#1 C:\Program Files (x86)\Ampps\www\yii\framework\base\CApplication.php(180): CWebApplication->processRequest()
#2 C:\Program Files (x86)\Ampps\www\myProfile\index.php(12): CApplication->run()
#3 {main}
REQUEST_URI=/myProfile/js/pages/index.js
HTTP_REFERER=http://127.0.0.1/myProfile/
---
2014/06/30 09:27:52 [error] [exception.CHttpException.404] exception 'CHttpException' with message 'Unable to resolve the request "js/pages/index.js".' in C:\Program Files (x86)\Ampps\www\yii\framework\web\CWebApplication.php:286
Stack trace:
#0 C:\Program Files (x86)\Ampps\www\yii\framework\web\CWebApplication.php(141): CWebApplication->runController('js/pages/index....')
#1 C:\Program Files (x86)\Ampps\www\yii\framework\base\CApplication.php(180): CWebApplication->processRequest()
#2 C:\Program Files (x86)\Ampps\www\myProfile\index.php(12): CApplication->run()
#3 {main}
REQUEST_URI=/myProfile/js/pages/index.js
HTTP_REFERER=http://127.0.0.1/myProfile/
---
2014/06/30 09:28:50 [error] [exception.CHttpException.404] exception 'CHttpException' with message 'Unable to resolve the request "js/pages/index.js".' in C:\Program Files (x86)\Ampps\www\yii\framework\web\CWebApplication.php:286
Stack trace:
#0 C:\Program Files (x86)\Ampps\www\yii\framework\web\CWebApplication.php(141): CWebApplication->runController('js/pages/index....')
#1 C:\Program Files (x86)\Ampps\www\yii\framework\base\CApplication.php(180): CWebApplication->processRequest()
#2 C:\Program Files (x86)\Ampps\www\myProfile\index.php(12): CApplication->run()
#3 {main}
REQUEST_URI=/myProfile/js/pages/index.js
HTTP_REFERER=http://127.0.0.1/myProfile/
---
2014/06/30 09:29:01 [error] [exception.CHttpException.404] exception 'CHttpException' with message 'Unable to resolve the request "js/pages/index.js".' in C:\Program Files (x86)\Ampps\www\yii\framework\web\CWebApplication.php:286
Stack trace:
#0 C:\Program Files (x86)\Ampps\www\yii\framework\web\CWebApplication.php(141): CWebApplication->runController('js/pages/index....')
#1 C:\Program Files (x86)\Ampps\www\yii\framework\base\CApplication.php(180): CWebApplication->processRequest()
#2 C:\Program Files (x86)\Ampps\www\myProfile\index.php(12): CApplication->run()
#3 {main}
REQUEST_URI=/myProfile/js/pages/index.js
HTTP_REFERER=http://127.0.0.1/myProfile/
---
2014/06/30 09:29:12 [error] [exception.CHttpException.404] exception 'CHttpException' with message 'Unable to resolve the request "js/pages/index.js".' in C:\Program Files (x86)\Ampps\www\yii\framework\web\CWebApplication.php:286
Stack trace:
#0 C:\Program Files (x86)\Ampps\www\yii\framework\web\CWebApplication.php(141): CWebApplication->runController('js/pages/index....')
#1 C:\Program Files (x86)\Ampps\www\yii\framework\base\CApplication.php(180): CWebApplication->processRequest()
#2 C:\Program Files (x86)\Ampps\www\myProfile\index.php(12): CApplication->run()
#3 {main}
REQUEST_URI=/myProfile/js/pages/index.js
HTTP_REFERER=http://127.0.0.1/myProfile/
---
2014/06/30 09:29:19 [error] [exception.CHttpException.404] exception 'CHttpException' with message 'Unable to resolve the request "js/pages/index.js".' in C:\Program Files (x86)\Ampps\www\yii\framework\web\CWebApplication.php:286
Stack trace:
#0 C:\Program Files (x86)\Ampps\www\yii\framework\web\CWebApplication.php(141): CWebApplication->runController('js/pages/index....')
#1 C:\Program Files (x86)\Ampps\www\yii\framework\base\CApplication.php(180): CWebApplication->processRequest()
#2 C:\Program Files (x86)\Ampps\www\myProfile\index.php(12): CApplication->run()
#3 {main}
REQUEST_URI=/myProfile/js/pages/index.js
HTTP_REFERER=http://127.0.0.1/myProfile/
---
2014/06/30 09:29:26 [error] [exception.CHttpException.404] exception 'CHttpException' with message 'Unable to resolve the request "js/pages/index.js".' in C:\Program Files (x86)\Ampps\www\yii\framework\web\CWebApplication.php:286
Stack trace:
#0 C:\Program Files (x86)\Ampps\www\yii\framework\web\CWebApplication.php(141): CWebApplication->runController('js/pages/index....')
#1 C:\Program Files (x86)\Ampps\www\yii\framework\base\CApplication.php(180): CWebApplication->processRequest()
#2 C:\Program Files (x86)\Ampps\www\myProfile\index.php(12): CApplication->run()
#3 {main}
REQUEST_URI=/myProfile/js/pages/index.js
HTTP_REFERER=http://127.0.0.1/myProfile/
---
2014/06/30 09:30:30 [error] [exception.CHttpException.404] exception 'CHttpException' with message 'Unable to resolve the request "js/pages/index.js".' in C:\Program Files (x86)\Ampps\www\yii\framework\web\CWebApplication.php:286
Stack trace:
#0 C:\Program Files (x86)\Ampps\www\yii\framework\web\CWebApplication.php(141): CWebApplication->runController('js/pages/index....')
#1 C:\Program Files (x86)\Ampps\www\yii\framework\base\CApplication.php(180): CWebApplication->processRequest()
#2 C:\Program Files (x86)\Ampps\www\myProfile\index.php(12): CApplication->run()
#3 {main}
REQUEST_URI=/myProfile/js/pages/index.js
HTTP_REFERER=http://127.0.0.1/myProfile/
---
2014/06/30 09:31:15 [error] [exception.CHttpException.404] exception 'CHttpException' with message 'Unable to resolve the request "js/pages/index.js".' in C:\Program Files (x86)\Ampps\www\yii\framework\web\CWebApplication.php:286
Stack trace:
#0 C:\Program Files (x86)\Ampps\www\yii\framework\web\CWebApplication.php(141): CWebApplication->runController('js/pages/index....')
#1 C:\Program Files (x86)\Ampps\www\yii\framework\base\CApplication.php(180): CWebApplication->processRequest()
#2 C:\Program Files (x86)\Ampps\www\myProfile\index.php(12): CApplication->run()
#3 {main}
REQUEST_URI=/myProfile/js/pages/index.js
HTTP_REFERER=http://127.0.0.1/myProfile/
---
2014/06/30 09:31:36 [error] [exception.CHttpException.404] exception 'CHttpException' with message 'Unable to resolve the request "js/pages/index.js".' in C:\Program Files (x86)\Ampps\www\yii\framework\web\CWebApplication.php:286
Stack trace:
#0 C:\Program Files (x86)\Ampps\www\yii\framework\web\CWebApplication.php(141): CWebApplication->runController('js/pages/index....')
#1 C:\Program Files (x86)\Ampps\www\yii\framework\base\CApplication.php(180): CWebApplication->processRequest()
#2 C:\Program Files (x86)\Ampps\www\myProfile\index.php(12): CApplication->run()
#3 {main}
REQUEST_URI=/myProfile/js/pages/index.js
HTTP_REFERER=http://127.0.0.1/myProfile/
---
2014/06/30 09:31:37 [error] [exception.CHttpException.404] exception 'CHttpException' with message 'Unable to resolve the request "js/pages/index.js".' in C:\Program Files (x86)\Ampps\www\yii\framework\web\CWebApplication.php:286
Stack trace:
#0 C:\Program Files (x86)\Ampps\www\yii\framework\web\CWebApplication.php(141): CWebApplication->runController('js/pages/index....')
#1 C:\Program Files (x86)\Ampps\www\yii\framework\base\CApplication.php(180): CWebApplication->processRequest()
#2 C:\Program Files (x86)\Ampps\www\myProfile\index.php(12): CApplication->run()
#3 {main}
REQUEST_URI=/myProfile/js/pages/index.js
HTTP_REFERER=http://127.0.0.1/myProfile/
---
2014/06/30 09:31:57 [error] [exception.CHttpException.404] exception 'CHttpException' with message 'Unable to resolve the request "js/pages/index.js".' in C:\Program Files (x86)\Ampps\www\yii\framework\web\CWebApplication.php:286
Stack trace:
#0 C:\Program Files (x86)\Ampps\www\yii\framework\web\CWebApplication.php(141): CWebApplication->runController('js/pages/index....')
#1 C:\Program Files (x86)\Ampps\www\yii\framework\base\CApplication.php(180): CWebApplication->processRequest()
#2 C:\Program Files (x86)\Ampps\www\myProfile\index.php(12): CApplication->run()
#3 {main}
REQUEST_URI=/myProfile/js/pages/index.js
HTTP_REFERER=http://127.0.0.1/myProfile/
---
2014/06/30 09:32:15 [error] [exception.CHttpException.404] exception 'CHttpException' with message 'Unable to resolve the request "js/pages/index.js".' in C:\Program Files (x86)\Ampps\www\yii\framework\web\CWebApplication.php:286
Stack trace:
#0 C:\Program Files (x86)\Ampps\www\yii\framework\web\CWebApplication.php(141): CWebApplication->runController('js/pages/index....')
#1 C:\Program Files (x86)\Ampps\www\yii\framework\base\CApplication.php(180): CWebApplication->processRequest()
#2 C:\Program Files (x86)\Ampps\www\myProfile\index.php(12): CApplication->run()
#3 {main}
REQUEST_URI=/myProfile/js/pages/index.js
HTTP_REFERER=http://127.0.0.1/myProfile/
---
2014/06/30 09:32:22 [error] [exception.CHttpException.404] exception 'CHttpException' with message 'Unable to resolve the request "js/pages/index.js".' in C:\Program Files (x86)\Ampps\www\yii\framework\web\CWebApplication.php:286
Stack trace:
#0 C:\Program Files (x86)\Ampps\www\yii\framework\web\CWebApplication.php(141): CWebApplication->runController('js/pages/index....')
#1 C:\Program Files (x86)\Ampps\www\yii\framework\base\CApplication.php(180): CWebApplication->processRequest()
#2 C:\Program Files (x86)\Ampps\www\myProfile\index.php(12): CApplication->run()
#3 {main}
REQUEST_URI=/myProfile/js/pages/index.js
HTTP_REFERER=http://127.0.0.1/myProfile/
---
